Unable to calculate incremental build state. Instead running full rebuild. Ensure Git is present.

Invoking: webpack --config=webpack.config.js 

Hash: 34754796f8d510398d10
Version: webpack 4.44.1
Time: 9813ms
Built at: 12/08/2021 11:22:19 am
                  Asset      Size            Chunks                   Chunk Names
                main.js    25 KiB              main  [emitted]        main
            main.js.map  18.8 KiB              main  [emitted] [dev]  main
             runtime.js  6.15 KiB           runtime  [emitted]        runtime
         runtime.js.map  6.13 KiB           runtime  [emitted] [dev]  runtime
    storefrontvendor.js  4.28 MiB  storefrontvendor  [emitted]        storefrontvendor
storefrontvendor.js.map  4.42 MiB  storefrontvendor  [emitted] [dev]  storefrontvendor
Entrypoint main = runtime.js runtime.js.map storefrontvendor.js storefrontvendor.js.map main.js main.js.map
[../../common/temp/node_modules/.pnpm/webpack@4.44.1_webpack-cli@3.3.12/node_modules/webpack/buildin/global.js] (webpack)/buildin/global.js 472 bytes {main} [built]
[./src lazy recursive] ./src lazy namespace object 160 bytes {main} [built]
[./src/AppComponent.ts] 681 bytes {main} [built]
[./src/Page1Component.ts] 1.34 KiB {main} [built]
[./src/Page2Component.ts] 1.34 KiB {main} [built]
[./src/index.ts] 1.56 KiB {main} [built]
    + 208 hidden modules
